<?xml version="1.0" encoding="UTF-8"?>
<!-- Generated by org.testng.reporters.JUnitReportReporter -->
<testsuite skipped="0" hostname="DESKTOP-HDQ1A3L" name="Framework.com.parabankParasoft.productParabank.TC.TC_transferFunds" tests="1" failures="0" timestamp="22 Sep 2018 05:07:50 GMT" time="76.414" errors="0">
  <testcase name="tranferFundMethod" time="76.414" classname="Framework.com.parabankParasoft.productParabank.TC.TC_transferFunds"/>
</testsuite> <!-- Framework.com.parabankParasoft.productParabank.TC.TC_transferFunds -->
